This file contains any messages produced by compilers while
running configure, to aid debugging if configure makes a mistake.

It was created by qdp++ configure 1.44.0, which was
generated by GNU Autoconf 2.69.  Invocation command line was

  $ ./configure --prefix=/fast/space/projects/dr002/dc-kash1/qdpxx/build --enable-parallel-arch=scalar CC=icc -openmp -std=c99 CXX=icpc -openmp -std=c++11

## --------- ##
## Platform. ##
## --------- ##

hostname = cosmos2
uname -m = x86_64
uname -r = 3.0.101-0.46-default
uname -s = Linux
uname -v = #1 SMP Wed Dec 17 11:04:10 UTC 2014 (8356111)

/usr/bin/uname -p = unknown
/bin/uname -X     = unknown

/bin/arch              = x86_64
/usr/bin/arch -k       = unknown
/usr/convex/getsysinfo = unknown
/usr/bin/hostinfo      = unknown
/bin/machine           = unknown
/usr/bin/oslevel       = unknown
/bin/universe          = unknown

PATH: /opt/intel/composer_xe_2013_sp1.0.080/debugger/gdb/intel64/py26/bin
PATH: /opt/intel/composer_xe_2013_sp1.0.080/debugger/gdb/intel64_mic/py26/bin
PATH: /opt/intel/composer_xe_2013_sp1.0.080/debugger/gui/intel64
PATH: /opt/intel/composer_xe_2013_sp1.0.080/bin/intel64
PATH: /opt/intel/vtune/bin64
PATH: /opt/intel/inspector/bin64
PATH: /opt/intel/advisor/bin64
PATH: /home/cosmos/share/x86_64/pp9/bin
PATH: /opt/sgi/mpt/mpt-2.11/bin
PATH: /usr/local/bin
PATH: /usr/bin
PATH: /bin
PATH: /usr/bin/X11
PATH: /usr/X11R6/bin
PATH: /usr/games
PATH: /usr/lib/mit/bin
PATH: /usr/lib/mit/sbin


## ----------- ##
## Core tests. ##
## ----------- ##

configure:1950: loading site script /usr/share/site/x86_64-unknown-linux-gnu
| #!/bin/sh
| # Site script for configure. It is resourced via $CONFIG_SITE environment varaible.
| 
| # If user did not specify libdir, guess the correct target:
| # Use lib64 for 64 bit bi-arch targets, keep the default for the rest.
| if test "$libdir" = '${exec_prefix}/lib' ; then
| 
| 	ac_config_site_64bit_host=NONE
| 
| 	case "$host" in
| 	"" )
| 		# User did not specify host target.
| 		# The native platform x86_64 is a bi-arch platform.
| 		# Try to detect cross-compilation to inferior architecture.
| 
| 		# We are trying to guess 32-bit target compilation. It's not as easy as
| 		# it sounds, as there is possible several intermediate combinations.
| 		ac_config_site_cross_to_32bit_host=NONE
| 
| 		# User defined -m32 in CFLAGS or CXXFLAGS:
| 		# (It's sufficient for 32-bit, but alone may cause mis-behavior of some checks.)
| 		case "$CFLAGS" in
| 		*-m32*)
| 			ac_config_site_cross_to_32bit_host=YES
| 			;;
| 		esac
| 		case "$CXXFLAGS" in
| 		*-m32*)
| 			ac_config_site_cross_to_32bit_host=YES
| 			;;
| 		esac
| 
| 		# Running with linux32:
| 		# (Changes detected platform, but not the toolchain target.)
| 		case "`/bin/uname -i`" in
| 		x86_64 | ppc64 | s390x )
| 			;;
| 		* )
| 			ac_config_site_cross_to_32bit_host=YES
| 			;;
| 		esac
| 
| 		if test "x$ac_config_site_cross_to_32bit_host" = xNONE; then
| 			ac_config_site_64bit_host=YES
| 		fi
| 
| 		;;
| 	*x86_64* | *ppc64* | *s390x* )
| 		ac_config_site_64bit_host=YES
| 		;;
| 	esac
| 
| 	if test "x$ac_config_site_64bit_host" = xYES; then
| 		libdir='${exec_prefix}/lib64'
| 	fi
| fi
| 
| # If user did not specify libexecdir, set the correct target:
| # Nor FHS nor openSUSE allow prefix/libexec. Let's default to prefix/lib.
| 
| if test "$libexecdir" = '${exec_prefix}/libexec' ; then
| 	libexecdir='${exec_prefix}/lib'
| fi
| 
| # Continue with the standard behavior of configure defined in AC_SITE_LOAD:
| if test "x$prefix" != xNONE; then
| 	ac_site_file1=$prefix/share/config.site
| 	ac_site_file2=$prefix/etc/config.site
| else
| 	ac_site_file1=$ac_default_prefix/share/config.site
| 	ac_site_file2=$ac_default_prefix/etc/config.site
| fi
| for ac_site_file in "$ac_site_file1" "$ac_site_file2"
| do
| 	test "x$ac_site_file" = xNONE && continue
| 	if test /dev/null != "$ac_site_file" && test -r "$ac_site_file"; then
| 		{ $as_echo "/usr/share/site/x86_64-unknown-linux-gnu:${as_lineno-$LINENO}: loading site script $ac_site_file" >&5
| $as_echo "/usr/share/site/x86_64-unknown-linux-gnu: loading site script $ac_site_file" >&6;}
| 		sed 's/^/| /' "$ac_site_file" >&5
| 		. "$ac_site_file" \
| 			|| { { $as_echo "/usr/share/site/x86_64-unknown-linux-gnu:${as_lineno-$LINENO}: error: in \`$ac_pwd':" >&5
| $as_echo "/usr/share/site/x86_64-unknown-linux-gnu: error: in \`$ac_pwd':" >&2;}
| as_fn_error $? "failed to load site script $ac_site_file
| See \`config.log' for more details" "$LINENO" 5; }
| 	fi
| done
configure:2195: checking for C++ compiler version
configure:2204: icpc -openmp -std=c++11 --version >&5
icpc (ICC) 14.0.0 20130728
Copyright (C) 1985-2013 Intel Corporation.  All rights reserved.

configure:2215: $? = 0
configure:2204: icpc -openmp -std=c++11 -v >&5
icpc version 14.0.0 (gcc version 4.3.0 compatibility)
configure:2215: $? = 0
configure:2204: icpc -openmp -std=c++11 -V >&5
Intel(R) C++ Intel(R) 64 Compiler XE for applications running on Intel(R) 64, Version 14.0.0.080 Build 20130728
Copyright (C) 1985-2013 Intel Corporation.  All rights reserved.

configure:2215: $? = 0
configure:2204: icpc -openmp -std=c++11 -qversion >&5
icpc: command line warning #10006: ignoring unknown option '-qversion'
icpc: command line error: no files specified; for help type "icpc -help"
configure:2215: $? = 1
configure:2235: checking whether the C++ compiler works
configure:2257: icpc -openmp -std=c++11  -I/fast/space/projects/dr002/dc-kash1/qdpxx/../c-lime/build/include -L/fast/space/projects/dr002/dc-kash1/qdpxx/../c-lime/build/lib64  conftest.cpp  >&5
configure:2261: $? = 0
configure:2309: result: yes
configure:2312: checking for C++ compiler default output file name
configure:2314: result: a.out
configure:2320: checking for suffix of executables
configure:2327: icpc -openmp -std=c++11 -o conftest  -I/fast/space/projects/dr002/dc-kash1/qdpxx/../c-lime/build/include -L/fast/space/projects/dr002/dc-kash1/qdpxx/../c-lime/build/lib64  conftest.cpp  >&5
configure:2331: $? = 0
configure:2353: result: 
configure:2375: checking whether we are cross compiling
configure:2383: icpc -openmp -std=c++11 -o conftest  -I/fast/space/projects/dr002/dc-kash1/qdpxx/../c-lime/build/include -L/fast/space/projects/dr002/dc-kash1/qdpxx/../c-lime/build/lib64  conftest.cpp  >&5
configure:2387: $? = 0
configure:2394: ./conftest
configure:2398: $? = 0
configure:2413: result: no
configure:2418: checking for suffix of object files
configure:2440: icpc -openmp -std=c++11 -c  -I/fast/space/projects/dr002/dc-kash1/qdpxx/../c-lime/build/include -L/fast/space/projects/dr002/dc-kash1/qdpxx/../c-lime/build/lib64 conftest.cpp >&5
configure:2444: $? = 0
configure:2465: result: o
configure:2469: checking whether we are using the GNU C++ compiler
configure:2488: icpc -openmp -std=c++11 -c  -I/fast/space/projects/dr002/dc-kash1/qdpxx/../c-lime/build/include -L/fast/space/projects/dr002/dc-kash1/qdpxx/../c-lime/build/lib64 conftest.cpp >&5
configure:2488: $? = 0
configure:2497: result: yes
configure:2506: checking whether icpc -openmp -std=c++11 accepts -g
configure:2526: icpc -openmp -std=c++11 -c -g -I/fast/space/projects/dr002/dc-kash1/qdpxx/../c-lime/build/include -L/fast/space/projects/dr002/dc-kash1/qdpxx/../c-lime/build/lib64 conftest.cpp >&5
configure:2526: $? = 0
configure:2567: result: yes
configure:2633: checking for ranlib
configure:2649: found /usr/bin/ranlib
configure:2660: result: ranlib
configure:2725: checking for ar
configure:2741: found /usr/bin/ar
configure:2752: result: ar
configure:2791: checking for a BSD-compatible install
configure:2859: result: /usr/bin/install -c
configure:2870: checking whether build environment is sane
configure:2925: result: yes
configure:3076: checking for a thread-safe mkdir -p
configure:3115: result: /bin/mkdir -p
configure:3122: checking for gawk
configure:3138: found /usr/bin/gawk
configure:3149: result: gawk
configure:3160: checking whether make sets $(MAKE)
configure:3182: result: yes
configure:3212: checking for style of include used by make
configure:3240: result: GNU
configure:3274: checking whether make supports nested variables
configure:3291: result: yes
configure:3376: checking dependency style of icpc -openmp -std=c++11
configure:3487: result: gcc3
configure:3564: Configuring QDP++ for Nd = 4
configure:3585: Configuring QDP++ for Nc = 3
configure:3605: Configuring QDP++ for Ns = 4
configure:3625: Configuring QDP++ Alignment size=16
configure:3647: Fallback to generic C routines if needed: yes
configure:3770: Not Enabling BGQ Thread Binding
configure:3884: Configuring QDP++ for single precision  
configure:3948: Configuring QDP++ with cb2 layout
configure:3966:  Scalar Build! Not checking for QMP 
configure:4268: icpc -openmp -std=c++11 -o conftest -g -O2  -I/fast/space/projects/dr002/dc-kash1/qdpxx/../c-lime/build/include -L/fast/space/projects/dr002/dc-kash1/qdpxx/../c-lime/build/lib64   conftest.cpp   >&5
conftest.cpp(20): catastrophic error: cannot open source file "qmp.h"
  #include "qmp.h"
                  ^

compilation aborted for conftest.cpp (code 4)
configure:4268: $? = 4
configure: failed program was:
| /* confdefs.h */
| #define PACKAGE_NAME "qdp++"
| #define PACKAGE_TARNAME "qdp--"
| #define PACKAGE_VERSION "1.44.0"
| #define PACKAGE_STRING "qdp++ 1.44.0"
| #define PACKAGE_BUGREPORT "edwards@jlab.org"
| #define PACKAGE_URL ""
| #define PACKAGE "qdp--"
| #define VERSION "1.44.0"
| #define QDP_ND 4
| #define QDP_NC 3
| #define QDP_NS 4
| #define QDP_AC_ALIGNMENT_SIZE 16
| #define QDP_USE_GENERIC_OPTS 1
| #define QDP_USE_BLUEGENEL 1
| #define BASE_PRECISION 32
| #define QDP_USE_CB2_LAYOUT 1
| #define ARCH_SCALAR 1
| /* end confdefs.h.  */
| #include "qmp.h"
| int
| main ()
| {
| 
|         int argc ; char **argv ;
|         QMP_thread_level_t prv;
|          ;
|         QMP_init_msg_passing(&argc, &argv, QMP_THREAD_SINGLE, &prv) ;
|          ;
|         QMP_finalize_msg_passing() ;
| 
|   ;
|   return 0;
| }
configure:4294: checking if we can compile/link of a simple QMP C++ program
configure:4320: result: ignored
configure:4348: checking for xml2-config
configure:4366: found /usr/bin/xml2-config
configure:4378: result: /usr/bin/xml2-config
configure:4434: Found libxml2 configuration program 
configure:4438: libxml2 compile flags: -I/usr/include/libxml2
configure:4442: libxml2 libraries flags: -lxml2 -lz -lm
configure:4450: checking if we can compile/link a simple libxml2 program
configure:4488: icpc -openmp -std=c++11 -o conftest -g -O2 -I/usr/include/libxml2 -I/fast/space/projects/dr002/dc-kash1/qdpxx/../c-lime/build/include -L/fast/space/projects/dr002/dc-kash1/qdpxx/../c-lime/build/lib64   conftest.cpp  -lxml2 -lz -lm >&5
configure:4488: $? = 0
configure:4515: result: yes
configure:4538: Disabling HDF5
configure:4864: not using bagel_qdp
configure:4879: Configuring to use FileDB routines
configure:5133: checking for latex
configure:5149: found /usr/bin/latex
configure:5161: result: latex
configure:5171: checking for dvips
configure:5187: found /usr/bin/dvips
configure:5199: result: dvips
configure:5209: checking for dvipdf
configure:5225: found /usr/bin/dvipdf
configure:5237: result: dvipdf
configure:5247: checking for doxygen
configure:5263: found /usr/bin/doxygen
configure:5275: result: doxygen
configure:5289: checking for gethostname
configure:5289: icpc -openmp -std=c++11 -o conftest -g -O2 -I/fast/space/projects/dr002/dc-kash1/qdpxx/../c-lime/build/include -L/fast/space/projects/dr002/dc-kash1/qdpxx/../c-lime/build/lib64  conftest.cpp  >&5
configure:5289: $? = 0
configure:5289: result: yes
configure:5300: checking for strnlen
configure:5300: icpc -openmp -std=c++11 -o conftest -g -O2 -I/fast/space/projects/dr002/dc-kash1/qdpxx/../c-lime/build/include -L/fast/space/projects/dr002/dc-kash1/qdpxx/../c-lime/build/lib64  conftest.cpp  >&5
configure:5300: $? = 0
configure:5300: result: yes
configure:5495: checking that generated files are newer than configure
configure:5501: result: done
configure:5596: creating ./config.status

## ---------------------- ##
## Running config.status. ##
## ---------------------- ##

This file was extended by qdp++ config.status 1.44.0, which was
generated by GNU Autoconf 2.69.  Invocation command line was

  CONFIG_FILES    = 
  CONFIG_HEADERS  = 
  CONFIG_LINKS    = 
  CONFIG_COMMANDS = 
  $ ./config.status 

on cosmos2

config.status:938: creating Makefile
config.status:938: creating qdp++-config
config.status:938: creating lib/Makefile
config.status:938: creating other_libs/Makefile
config.status:938: creating include/Makefile
config.status:938: creating examples/Makefile
config.status:938: creating tests/Makefile
config.status:938: creating include/qdp_config_internal.h
config.status:1119: include/qdp_config_internal.h is unchanged
config.status:1167: executing depfiles commands
configure:6984: === configuring in other_libs/filedb (/fast/space/projects/dr002/dc-kash1/qdpxx/other_libs/filedb)
configure:7047: running /bin/sh ./configure --disable-option-checking '--prefix=/fast/space/projects/dr002/dc-kash1/qdpxx/build'  '--enable-parallel-arch=scalar' 'CC=icc -openmp -std=c99' 'CXX=icpc -openmp -std=c++11' 'CPPFLAGS=-I/fast/space/projects/dr002/dc-kash1/qdpxx/../c-lime/build/include -L/fast/space/projects/dr002/dc-kash1/qdpxx/../c-lime/build/lib64' --cache-file=/dev/null --srcdir=.
configure:6984: === configuring in other_libs/qio (/fast/space/projects/dr002/dc-kash1/qdpxx/other_libs/qio)
configure:7047: running /bin/sh ./configure --disable-option-checking '--prefix=/fast/space/projects/dr002/dc-kash1/qdpxx/build'  '--enable-parallel-arch=scalar' 'CC=icc -openmp -std=c99' 'CXX=icpc -openmp -std=c++11' 'CPPFLAGS=-I/fast/space/projects/dr002/dc-kash1/qdpxx/../c-lime/build/include -L/fast/space/projects/dr002/dc-kash1/qdpxx/../c-lime/build/lib64' --cache-file=/dev/null --srcdir=.
configure:6984: === configuring in other_libs/xpath_reader (/fast/space/projects/dr002/dc-kash1/qdpxx/other_libs/xpath_reader)
configure:7047: running /bin/sh ./configure --disable-option-checking '--prefix=/fast/space/projects/dr002/dc-kash1/qdpxx/build'  '--enable-parallel-arch=scalar' 'CC=icc -openmp -std=c99' 'CXX=icpc -openmp -std=c++11' 'CPPFLAGS=-I/fast/space/projects/dr002/dc-kash1/qdpxx/../c-lime/build/include -L/fast/space/projects/dr002/dc-kash1/qdpxx/../c-lime/build/lib64' --cache-file=/dev/null --srcdir=.

## ---------------- ##
## Cache variables. ##
## ---------------- ##

ac_cv_cxx_compiler_gnu=yes
ac_cv_env_CCC_set=
ac_cv_env_CCC_value=
ac_cv_env_CPPFLAGS_set=set
ac_cv_env_CPPFLAGS_value='-I/fast/space/projects/dr002/dc-kash1/qdpxx/../c-lime/build/include -L/fast/space/projects/dr002/dc-kash1/qdpxx/../c-lime/build/lib64'
ac_cv_env_CXXFLAGS_set=
ac_cv_env_CXXFLAGS_value=
ac_cv_env_CXX_set=set
ac_cv_env_CXX_value='icpc -openmp -std=c++11'
ac_cv_env_LDFLAGS_set=
ac_cv_env_LDFLAGS_value=
ac_cv_env_LIBS_set=
ac_cv_env_LIBS_value=
ac_cv_env_build_alias_set=
ac_cv_env_build_alias_value=
ac_cv_env_host_alias_set=
ac_cv_env_host_alias_value=
ac_cv_env_target_alias_set=
ac_cv_env_target_alias_value=
ac_cv_func_gethostname=yes
ac_cv_func_strnlen=yes
ac_cv_objext=o
ac_cv_path_LIBXML2_CONFIG=/usr/bin/xml2-config
ac_cv_path_install='/usr/bin/install -c'
ac_cv_path_mkdir=/bin/mkdir
ac_cv_prog_AWK=gawk
ac_cv_prog_DOXYGEN=doxygen
ac_cv_prog_DVIPDF=dvipdf
ac_cv_prog_DVIPS=dvips
ac_cv_prog_LATEX=latex
ac_cv_prog_ac_ct_AR=ar
ac_cv_prog_ac_ct_RANLIB=ranlib
ac_cv_prog_cxx_g=yes
ac_cv_prog_make_make_set=yes
am_cv_CXX_dependencies_compiler_type=gcc3
am_cv_make_support_nested_variables=yes

## ----------------- ##
## Output variables. ##
## ----------------- ##

ACLOCAL='${SHELL} /fast/space/projects/dr002/dc-kash1/qdpxx/config/missing aclocal-1.14'
AMDEPBACKSLASH='\'
AMDEP_FALSE='#'
AMDEP_TRUE=''
AMTAR='$${TAR-tar}'
AM_BACKSLASH='\'
AM_DEFAULT_V='$(AM_DEFAULT_VERBOSITY)'
AM_DEFAULT_VERBOSITY='1'
AM_V='$(V)'
AR='ar'
ARCH_PARSCALARVEC_FALSE=''
ARCH_PARSCALARVEC_TRUE='#'
ARCH_PARSCALAR_FALSE=''
ARCH_PARSCALAR_TRUE='#'
ARCH_SCALARVEC_FALSE=''
ARCH_SCALARVEC_TRUE='#'
ARCH_SCALAR_FALSE='#'
ARCH_SCALAR_TRUE=''
ARCH_SITE='scalarsite'
AUTOCONF='${SHELL} /fast/space/projects/dr002/dc-kash1/qdpxx/config/missing autoconf'
AUTOHEADER='${SHELL} /fast/space/projects/dr002/dc-kash1/qdpxx/config/missing autoheader'
AUTOMAKE='${SHELL} /fast/space/projects/dr002/dc-kash1/qdpxx/config/missing automake-1.14'
AWK='gawk'
BAGEL_QDP_CONFIG=''
BAGEL_QDP_CXXFLAGS=''
BAGEL_QDP_LDFLAGS=''
BAGEL_QDP_LIBS=''
BUILD_BGQ_THREADBIND_FALSE=''
BUILD_BGQ_THREADBIND_TRUE='#'
BUILD_DEFAULT_ALLOCATOR_FALSE='#'
BUILD_DEFAULT_ALLOCATOR_TRUE=''
BUILD_FILEDB_FALSE='#'
BUILD_FILEDB_TRUE=''
BUILD_LIBINTRIN_FALSE=''
BUILD_LIBINTRIN_TRUE='#'
BUILD_STAGGERED_EXAMPLES_FALSE=''
BUILD_STAGGERED_EXAMPLES_TRUE='#'
BUILD_WILSON_EXAMPLES_FALSE='#'
BUILD_WILSON_EXAMPLES_TRUE=''
CONFIG_ALIGNMENT='16'
CONFIG_GENERICS='yes'
CONFIG_HDF5=''
CONFIG_LAYOUT='cb2'
CONFIG_NC='3'
CONFIG_ND='4'
CONFIG_NS='4'
CONFIG_PARALLEL_ARCH='scalar'
CONFIG_PRECISION='32'
CONFIG_SSE2=''
CONFIG_SSE3=''
CONFIG_SSE=''
CPPFLAGS='-I/fast/space/projects/dr002/dc-kash1/qdpxx/../c-lime/build/include -L/fast/space/projects/dr002/dc-kash1/qdpxx/../c-lime/build/lib64'
CXX='icpc -openmp -std=c++11'
CXXDEPMODE='depmode=gcc3'
CXXFLAGS='-g -O2'
CYGPATH_W='echo'
DEFS='-DHAVE_CONFIG_H'
DEPDIR='.deps'
DOXYGEN='doxygen'
DVIPDF='dvipdf'
DVIPS='dvips'
ECHO_C=''
ECHO_N='-n'
ECHO_T=''
EXEEXT=''
FILEDB_DIR='filedb'
HDF5_BIN=''
HDF5_CFLAGS=''
HDF5_CXXFLAGS=''
HDF5_LDFLAGS=''
HDF5_LIBS=''
INSTALL_DATA='${INSTALL} -m 644'
INSTALL_PROGRAM='${INSTALL}'
INSTALL_SCRIPT='${INSTALL}'
INSTALL_STRIP_PROGRAM='$(install_sh) -c -s'
LATEX='latex'
LDFLAGS=''
LIBINTRIN_DIR=''
LIBOBJS=''
LIBS=''
LIBXML2_CONFIG='/usr/bin/xml2-config'
LIBXML2_CXXFLAGS='-I/usr/include/libxml2'
LIBXML2_LIBS='-lxml2 -lz -lm'
LTLIBOBJS=''
MAKEINFO='${SHELL} /fast/space/projects/dr002/dc-kash1/qdpxx/config/missing makeinfo'
MKDIR_P='/bin/mkdir -p'
OBJEXT='o'
PACKAGE='qdp--'
PACKAGE_BUGREPORT='edwards@jlab.org'
PACKAGE_NAME='qdp++'
PACKAGE_STRING='qdp++ 1.44.0'
PACKAGE_TARNAME='qdp--'
PACKAGE_URL=''
PACKAGE_VERSION='1.44.0'
PATH_SEPARATOR=':'
QDP_USE_HDF5_FALSE=''
QDP_USE_HDF5_TRUE='#'
QDP_USE_LIBXML2_FALSE='#'
QDP_USE_LIBXML2_TRUE=''
QDP_USE_OMP_THREADS_FALSE=''
QDP_USE_OMP_THREADS_TRUE='#'
QDP_USE_QMT_THREADS_FALSE=''
QDP_USE_QMT_THREADS_TRUE='#'
QDP_USE_SCALARVEC_SSE2_FALSE=''
QDP_USE_SCALARVEC_SSE2_TRUE='#'
QDP_USE_SCALARVEC_SSE_FALSE=''
QDP_USE_SCALARVEC_SSE_TRUE='#'
QDP_USE_SCALAR_SSE2_FALSE=''
QDP_USE_SCALAR_SSE2_TRUE='#'
QDP_USE_SCALAR_SSE_FALSE=''
QDP_USE_SCALAR_SSE_TRUE='#'
QMP_CFLAGS=''
QMP_CONFIG=''
QMP_HOME=''
QMP_LDFLAGS=''
QMP_LIBS=''
QMT_CXXFLAGS=''
QMT_HOME=''
QMT_LDFLAGS=''
QMT_LIBS=''
RANLIB='ranlib'
SET_MAKE=''
SHELL='/bin/sh'
STRIP=''
VERSION='1.44.0'
ac_ct_CXX=''
am__EXEEXT_FALSE=''
am__EXEEXT_TRUE='#'
am__fastdepCXX_FALSE='#'
am__fastdepCXX_TRUE=''
am__include='include'
am__isrc=''
am__leading_dot='.'
am__nodep='_no'
am__quote=''
am__tar='$${TAR-tar} chof - "$$tardir"'
am__untar='$${TAR-tar} xf -'
bindir='${exec_prefix}/bin'
build_alias=''
datadir='${datarootdir}'
datarootdir='${prefix}/share'
docdir='${datarootdir}/doc/${PACKAGE_TARNAME}'
dvidir='${docdir}'
exec_prefix='${prefix}'
host_alias=''
htmldir='${docdir}'
includedir='${prefix}/include'
infodir='${datarootdir}/info'
install_sh='${SHELL} /fast/space/projects/dr002/dc-kash1/qdpxx/config/install-sh'
libdir='${exec_prefix}/lib64'
libexecdir='${exec_prefix}/lib'
localedir='${datarootdir}/locale'
localstatedir='${prefix}/var'
mandir='${datarootdir}/man'
mkdir_p='$(MKDIR_P)'
oldincludedir='/usr/include'
pdfdir='${docdir}'
prefix='/fast/space/projects/dr002/dc-kash1/qdpxx/build'
program_transform_name='s,x,x,'
psdir='${docdir}'
sbindir='${exec_prefix}/sbin'
sharedstatedir='${prefix}/com'
subdirs=' other_libs/filedb other_libs/qio other_libs/xpath_reader'
sysconfdir='${prefix}/etc'
target_alias=''

## ----------- ##
## confdefs.h. ##
## ----------- ##

/* confdefs.h */
#define PACKAGE_NAME "qdp++"
#define PACKAGE_TARNAME "qdp--"
#define PACKAGE_VERSION "1.44.0"
#define PACKAGE_STRING "qdp++ 1.44.0"
#define PACKAGE_BUGREPORT "edwards@jlab.org"
#define PACKAGE_URL ""
#define PACKAGE "qdp--"
#define VERSION "1.44.0"
#define QDP_ND 4
#define QDP_NC 3
#define QDP_NS 4
#define QDP_AC_ALIGNMENT_SIZE 16
#define QDP_USE_GENERIC_OPTS 1
#define QDP_USE_BLUEGENEL 1
#define BASE_PRECISION 32
#define QDP_USE_CB2_LAYOUT 1
#define ARCH_SCALAR 1
#define QDP_USE_LIBXML2 1
#define QDP_USE_BAGEL_QDP 0
#define BUILD_FILEDB /**/
#define HAVE_GETHOSTNAME 1
#define HAVE_STRNLEN 1

configure: exit 0
